<?xml version="1.0" encoding="UTF-8"?>
<!-- Generated by org.testng.reporters.JUnitXMLReporter -->
<testsuite hostname="stcblr01ltp33" name="AllSuites" tests="1" failures="0" timestamp="22 Nov 2016 14:07:01 GMT" time="0.133" errors="0">
  <testcase name="@BeforeTest initTest" time="0.0" classname="com.databaseComputer.DatabaseComp.suites.ComputerTest">
    <failure type="java.lang.NoClassDefFoundError" message="org/openqa/selenium/remote/service/DriverService$Builder">
      <![CDATA[java.lang.NoClassDefFoundError: org/openqa/selenium/remote/service/DriverService$Builder
	at java.lang.ClassLoader.defineClass1(Native Method)
	at java.lang.ClassLoader.defineClass(ClassLoader.java:763)
	at java.security.SecureClassLoader.defineClass(SecureClassLoader.java:142)
	at java.net.URLClassLoader.defineClass(URLClassLoader.java:467)
	at java.net.URLClassLoader.access$100(URLClassLoader.java:73)
	at java.net.URLClassLoader$1.run(URLClassLoader.java:368)
	at java.net.URLClassLoader$1.run(URLClassLoader.java:362)
	at java.security.AccessController.doPrivileged(Native Method)
	at java.net.URLClassLoader.findClass(URLClassLoader.java:361)
	at java.lang.ClassLoader.loadClass(ClassLoader.java:424)
	at sun.misc.Launcher$AppClassLoader.loadClass(Launcher.java:331)
	at java.lang.ClassLoader.loadClass(ClassLoader.java:357)
	at org.openqa.selenium.chrome.ChromeDriverService.createDefaultService(ChromeDriverService.java:82)
	at org.openqa.selenium.chrome.ChromeDriver.<init>(ChromeDriver.java:139)
	at com.databaseComputer.DatabaseComp.commonUtils.CommonMethods.initDriver(CommonMethods.java:151)
	at com.databaseComputer.DatabaseComp.suites.ComputerTest.initTest(ComputerTest.java:16)
Caused by: java.lang.ClassNotFoundException: org.openqa.selenium.remote.service.DriverService$Builder
	at java.net.URLClassLoader.findClass(URLClassLoader.java:381)
	at java.lang.ClassLoader.loadClass(ClassLoader.java:424)
	at sun.misc.Launcher$AppClassLoader.loadClass(Launcher.java:331)
	at java.lang.ClassLoader.loadClass(ClassLoader.java:357)
	... 38 more
... Removed 22 stack frames]]>
    </failure>
  </testcase> <!-- @BeforeTest initTest -->
  <testcase name="@AfterTest tearDown" time="0.0" classname="com.databaseComputer.DatabaseComp.suites.ComputerTest">
    <skipped/>
  </testcase> <!-- @AfterTest tearDown -->
  <testcase name="addANewCompTest" time="0.001" classname="com.databaseComputer.DatabaseComp.suites.ComputerTest">
    <skipped/>
  </testcase> <!-- addANewCompTest -->
</testsuite> <!-- AllSuites -->
